#
# There is insufficient memory for the Java Runtime Environment to continue.
# Native memory allocation (mmap) failed to map 264241152 bytes for G1 virtual space
# Possible reasons:
#   The system is out of physical RAM or swap space
#   The process is running with CompressedOops enabled, and the Java Heap may be blocking the growth of the native heap
# Possible solutions:
#   Reduce memory load on the system
#   Increase physical memory or swap space
#   Check if swap backing store is full
#   Decrease Java heap size (-Xmx/-Xms)
#   Decrease number of Java threads
#   Decrease Java thread stack sizes (-Xss)
#   Set larger code cache with -XX:ReservedCodeCacheSize=
#   JVM is running with Zero Based Compressed Oops mode in which the Java heap is
#     placed in the first 32GB address space. The Java Heap base address is the
#     maximum limit for the native heap growth. Please use -XX:HeapBaseMinAddress
#     to set the Java Heap base and to place the Java Heap above 32GB virtual address.
# This output file may be truncated or incomplete.
#
#  Out of Memory Error (os_windows.cpp:3528), pid=38056, tid=38848
#
# JRE version:  (20.0.2+9) (build )
# Java VM: Java HotSpot(TM) 64-Bit Server VM (20.0.2+9-78, mixed mode, sharing, tiered, compressed oops, compressed class ptrs, g1 gc, windows-amd64)
# No core dump will be written. Minidumps are not enabled by default on client versions of Windows
#

---------------  S U M M A R Y ------------

Command Line: -Dfile.encoding=UTF-8 --module-path=D:\NetBeansProjects\Electricity Bill System\build\classes Electricity.Login

Host: 12th Gen Intel(R) Core(TM) i5-12450H, 12 cores, 15G,  Windows 11 , 64 bit Build 22621 (10.0.22621.2506)
Time: Fri Dec 15 22:20:26 2023 India Standard Time elapsed time: 0.012078 seconds (0d 0h 0m 0s)

---------------  T H R E A D  ---------------

Current thread (0x0000023a687a4d60):  JavaThread "Unknown thread" [_thread_in_vm, id=38848, stack(0x0000004f08800000,0x0000004f08900000)]

Stack: [0x0000004f08800000,0x0000004f08900000]
Native frames: (J=compiled Java code, j=interpreted, Vv=VM code, C=native code)
V  [jvm.dll+0x6bc25a]
V  [jvm.dll+0x84971a]
V  [jvm.dll+0x84b315]
V  [jvm.dll+0x84ba13]
V  [jvm.dll+0x280e4f]
V  [jvm.dll+0x6b8fe9]
V  [jvm.dll+0x6adbca]
V  [jvm.dll+0x35b165]
V  [jvm.dll+0x363386]
V  [jvm.dll+0x3b400e]
V  [jvm.dll+0x3b4295]
V  [jvm.dll+0x32b86a]
V  [jvm.dll+0x32c68b]
V  [jvm.dll+0x8123df]
V  [jvm.dll+0x3c1261]
V  [jvm.dll+0x7fe103]
V  [jvm.dll+0x44ccaf]
V  [jvm.dll+0x44e621]
C  [jli.dll+0x5287]
C  [ucrtbase.dll+0x29363]
C  [KERNEL32.DLL+0x1257d]
C  [ntdll.dll+0x5aa58]


---------------  P R O C E S S  ---------------

Threads class SMR info:
_java_thread_list=0x00007ffac185b118, length=0, elements={
}

Java Threads: ( => current thread )

Other Threads:
  0x0000023a68815c10 WorkerThread "GC Thread#0" [stack: 0x0000004f08900000,0x0000004f08a00000] [id=39968]
  0x0000023a68826810 ConcurrentGCThread "G1 Main Marker" [stack: 0x0000004f08a00000,0x0000004f08b00000] [id=40148]
  0x0000023a68827240 WorkerThread "G1 Conc#0" [stack: 0x0000004f08b00000,0x0000004f08c00000] [id=37956]

[error occurred during error reporting (printing all threads), id 0xc0000005, EXCEPTION_ACCESS_VIOLATION (0xc0000005) at pc=0x00007ffac103eea7]
VM state: not at safepoint (not fully initialized)

VM Mutex/Monitor currently owned by a thread:  ([mutex/lock_event])
[0x0000023a687a1270] Heap_lock - owner thread: 0x0000023a687a4d60

Heap address: 0x0000000705200000, size: 4014 MB, Compressed Oops mode: Zero based, Oop shift amount: 3

CDS archive(s) mapped at: [0x0000000000000000-0x0000000000000000-0x0000000000000000), size 0, SharedBaseAddress: 0x0000000800000000, ArchiveRelocationMode: 1.
Narrow klass base: 0x0000000000000000, Narrow klass shift: 0, Narrow klass range: 0x0

GC Precious Log:
 CardTable entry size: 512
 Card Set container configuration: InlinePtr #cards 4 size 8 Array Of Cards #cards 16 size 48 Howl #buckets 8 coarsen threshold 3686 Howl Bitmap #cards 512 size 80 coarsen threshold 460 Card regions per heap region 1 cards per card region 4096

Heap:
 garbage-first heap   total 0K, used 0K [0x0000000705200000, 0x0000000800000000)
  region size 2048K, 0 young (0K), 0 survivors (0K)

[error occurred during error reporting (printing heap information), id 0xc0000005, EXCEPTION_ACCESS_VIOLATION (0xc0000005) at pc=0x00007ffac14147b9]
GC Heap History (0 events):
No events

Dll operation events (1 events):
Event: 0.007 Loaded shared library C:\Program Files\Java\jdk-20\bin\java.dll

Deoptimization events (0 events):
No events

Classes loaded (0 events):
No events

Classes unloaded (0 events):
No events

Classes redefined (0 events):
No events

Internal exceptions (0 events):
No events

VM Operations (0 events):
No events

Events (0 events):
No events


Dynamic libraries:
0x00007ff621160000 - 0x00007ff621170000 	C:\Program Files\Java\jdk-20\bin\java.exe
0x00007ffb3a810000 - 0x00007ffb3aa27000 	C:\windows\SYSTEM32\ntdll.dll
0x00007ffb38900000 - 0x00007ffb389c4000 	C:\windows\System32\KERNEL32.DLL
0x00007ffb37d50000 - 0x00007ffb380f5000 	C:\windows\System32\KERNELBASE.dll
0x00007ffb37b80000 - 0x00007ffb37c91000 	C:\windows\System32\ucrtbase.dll
0x00007ffaf2c70000 - 0x00007ffaf2c89000 	C:\Program Files\Java\jdk-20\bin\jli.dll
0x00007ffb38560000 - 0x00007ffb38611000 	C:\windows\System32\ADVAPI32.dll
0x00007ffb38850000 - 0x00007ffb388f7000 	C:\windows\System32\msvcrt.dll
0x00007ffb39c50000 - 0x00007ffb39cf6000 	C:\windows\System32\sechost.dll
0x00007ffb3a680000 - 0x00007ffb3a797000 	C:\windows\System32\RPCRT4.dll
0x00007ffb38620000 - 0x00007ffb387ce000 	C:\windows\System32\USER32.dll
0x00007ffb37ca0000 - 0x00007ffb37cc6000 	C:\windows\System32\win32u.dll
0x00007ffb39160000 - 0x00007ffb39189000 	C:\windows\System32\GDI32.dll
0x00007ffb381a0000 - 0x00007ffb382b9000 	C:\windows\System32\gdi32full.dll
0x00007ffb38100000 - 0x00007ffb3819a000 	C:\windows\System32\msvcp_win.dll
0x00007ffb0fc70000 - 0x00007ffb0ff03000 	C:\windows\WinSxS\amd64_microsoft.windows.common-controls_6595b64144ccf1df_6.0.22621.2506_none_270c5ae97388e100\COMCTL32.dll
0x00007ffb2bf10000 - 0x00007ffb2bf1a000 	C:\windows\SYSTEM32\VERSION.dll
0x00007ffb13ce0000 - 0x00007ffb13cfb000 	C:\Program Files\Java\jdk-20\bin\VCRUNTIME140.dll
0x00007ffb38ca0000 - 0x00007ffb38cd1000 	C:\windows\System32\IMM32.DLL
0x00007ffb2bde0000 - 0x00007ffb2bdec000 	C:\Program Files\Java\jdk-20\bin\vcruntime140_1.dll
0x00007ffaef560000 - 0x00007ffaef5ee000 	C:\Program Files\Java\jdk-20\bin\msvcp140.dll
0x00007ffac0d00000 - 0x00007ffac1998000 	C:\Program Files\Java\jdk-20\bin\server\jvm.dll
0x00007ffb2ddf0000 - 0x00007ffb2de24000 	C:\windows\SYSTEM32\WINMM.dll
0x00007ffb30300000 - 0x00007ffb30309000 	C:\windows\SYSTEM32\WSOCK32.dll
0x00007ffb387d0000 - 0x00007ffb38841000 	C:\windows\System32\WS2_32.dll
0x00007ffb36bf0000 - 0x00007ffb36c08000 	C:\windows\SYSTEM32\kernel.appcore.dll
0x00007ffb24af0000 - 0x00007ffb24afa000 	C:\Program Files\Java\jdk-20\bin\jimage.dll
0x00007ffb355d0000 - 0x00007ffb35803000 	C:\windows\SYSTEM32\DBGHELP.DLL
0x00007ffb39340000 - 0x00007ffb396c9000 	C:\windows\System32\combase.dll
0x00007ffb38a60000 - 0x00007ffb38b37000 	C:\windows\System32\OLEAUT32.dll
0x00007ffb1ffe0000 - 0x00007ffb20012000 	C:\windows\SYSTEM32\dbgcore.DLL
0x00007ffb37cd0000 - 0x00007ffb37d4a000 	C:\windows\System32\bcryptPrimitives.dll
0x00007ffaf2c90000 - 0x00007ffaf2cb6000 	C:\Program Files\Java\jdk-20\bin\java.dll

dbghelp: loaded successfully - version: 4.0.5 - missing functions: none
symbol engine: initialized successfully - sym options: 0x614 - pdb path: .;C:\Program Files\Java\jdk-20\bin;C:\windows\SYSTEM32;C:\windows\WinSxS\amd64_microsoft.windows.common-controls_6595b64144ccf1df_6.0.22621.2506_none_270c5ae97388e100;C:\Program Files\Java\jdk-20\bin\server

VM Arguments:
jvm_args: -Dfile.encoding=UTF-8 --module-path=D:\NetBeansProjects\Electricity Bill System\build\classes 
java_command: Electricity.Login
java_class_path (initial): D:\NetBeansProjects\Electricity Bill System\build\classes
Launcher Type: SUN_STANDARD

[Global flags]
     intx CICompilerCount                          = 4                                         {product} {ergonomic}
     uint ConcGCThreads                            = 3                                         {product} {ergonomic}
     uint G1ConcRefinementThreads                  = 10                                        {product} {ergonomic}
   size_t G1HeapRegionSize                         = 2097152                                   {product} {ergonomic}
    uintx GCDrainStackTargetSize                   = 64                                        {product} {ergonomic}
   size_t InitialHeapSize                          = 264241152                                 {product} {ergonomic}
   size_t MarkStackSize                            = 4194304                                   {product} {ergonomic}
   size_t MaxHeapSize                              = 4208984064                                {product} {ergonomic}
   size_t MinHeapDeltaBytes                        = 2097152                                   {product} {ergonomic}
   size_t MinHeapSize                              = 8388608                                   {product} {ergonomic}
    uintx NonNMethodCodeHeapSize                   = 5839372                                {pd product} {ergonomic}
    uintx NonProfiledCodeHeapSize                  = 122909434                              {pd product} {ergonomic}
    uintx ProfiledCodeHeapSize                     = 122909434                              {pd product} {ergonomic}
    uintx ReservedCodeCacheSize                    = 251658240                              {pd product} {ergonomic}
     bool SegmentedCodeCache                       = true                                      {product} {ergonomic}
   size_t SoftMaxHeapSize                          = 4208984064                             {manageable} {ergonomic}
     bool UseCompressedClassPointers               = true                           {product lp64_product} {ergonomic}
     bool UseCompressedOops                        = true                           {product lp64_product} {ergonomic}
     bool UseG1GC                                  = true                                      {product} {ergonomic}
     bool UseLargePagesIndividualAllocation        = false                                  {pd product} {ergonomic}

Logging:
Log output configuration:
 #0: stdout all=warning uptime,level,tags foldmultilines=false
 #1: stderr all=off uptime,level,tags foldmultilines=false

Environment Variables:
PATH=C:\Program Files\Common Files\Oracle\Java\javapath;C:\windows\system32;C:\windows;C:\windows\System32\Wbem;C:\windows\System32\WindowsPowerShell\v1.0\;C:\windows\System32\OpenSSH\;C:\Program Files (x86)\NVIDIA Corporation\PhysX\Common;C:\Program Files\NVIDIA Corporation\NVIDIA NvDLISR;C:\Users\karth\AppData\Local\Microsoft\WindowsApps;
USERNAME=karth
OS=Windows_NT
PROCESSOR_IDENTIFIER=Intel64 Family 6 Model 154 Stepping 3, GenuineIntel
TMP=C:\Users\karth\AppData\Local\Temp
TEMP=C:\Users\karth\AppData\Local\Temp




---------------  S Y S T E M  ---------------

OS:
 Windows 11 , 64 bit Build 22621 (10.0.22621.2506)
OS uptime: 4 days 5:04 hours
Hyper-V role detected

CPU: total 12 (initial active 12) (6 cores per cpu, 2 threads per core) family 6 model 154 stepping 3 microcode 0x42c, cx8, cmov, fxsr, ht, mmx, 3dnowpref, sse, sse2, sse3, ssse3, sse4.1, sse4.2, popcnt, lzcnt, tsc, tscinvbit, avx, avx2, aes, erms, clmul, bmi1, bmi2, adx, sha, fma, vzeroupper, clflush, clflushopt, clwb, hv, serialize, rdtscp, rdpid, fsrm, f16c, cet_ibt, cet_ss

Memory: 4k page, system-wide physical 16052M (2997M free)
TotalPageFile size 64485M (AvailPageFile size 252M)
current process WorkingSet (physical memory assigned to process): 11M, peak: 11M
current process commit charge ("private bytes"): 64M, peak: 316M

vm_info: Java HotSpot(TM) 64-Bit Server VM (20.0.2+9-78) for windows-amd64 JRE (20.0.2+9-78), built on 2023-06-14T10:08:48Z by "mach5one" with MS VC++ 17.1 (VS2022)

END.
