#
# There is insufficient memory for the Java Runtime Environment to continue.
# Native memory allocation (mmap) failed to map 264241152 bytes for G1 virtual space
# Possible reasons:
#   The system is out of physical RAM or swap space
#   The process is running with CompressedOops enabled, and the Java Heap may be blocking the growth of the native heap
# Possible solutions:
#   Reduce memory load on the system
#   Increase physical memory or swap space
#   Check if swap backing store is full
#   Decrease Java heap size (-Xmx/-Xms)
#   Decrease number of Java threads
#   Decrease Java thread stack sizes (-Xss)
#   Set larger code cache with -XX:ReservedCodeCacheSize=
#   JVM is running with Zero Based Compressed Oops mode in which the Java heap is
#     placed in the first 32GB address space. The Java Heap base address is the
#     maximum limit for the native heap growth. Please use -XX:HeapBaseMinAddress
#     to set the Java Heap base and to place the Java Heap above 32GB virtual address.
# This output file may be truncated or incomplete.
#
#  Out of Memory Error (os_windows.cpp:3528), pid=38812, tid=37840
#
# JRE version:  (20.0.2+9) (build )
# Java VM: Java HotSpot(TM) 64-Bit Server VM (20.0.2+9-78, mixed mode, sharing, tiered, compressed oops, compressed class ptrs, g1 gc, windows-amd64)
# No core dump will be written. Minidumps are not enabled by default on client versions of Windows
#

---------------  S U M M A R Y ------------

Command Line: -Dfile.encoding=UTF-8 --module-path=D:\NetBeansProjects\Electricity Bill System\build\classes Electricity.Login

Host: 12th Gen Intel(R) Core(TM) i5-12450H, 12 cores, 15G,  Windows 11 , 64 bit Build 22621 (10.0.22621.2506)
Time: Sun Dec 17 23:45:44 2023 India Standard Time elapsed time: 0.011540 seconds (0d 0h 0m 0s)

---------------  T H R E A D  ---------------

Current thread (0x00000286456350b0):  JavaThread "Unknown thread" [_thread_in_vm, id=37840, stack(0x000000e3a7900000,0x000000e3a7a00000)]

Stack: [0x000000e3a7900000,0x000000e3a7a00000]
Native frames: (J=compiled Java code, j=interpreted, Vv=VM code, C=native code)
V  [jvm.dll+0x6bc25a]
V  [jvm.dll+0x84971a]
V  [jvm.dll+0x84b315]
V  [jvm.dll+0x84ba13]
V  [jvm.dll+0x280e4f]
V  [jvm.dll+0x6b8fe9]
V  [jvm.dll+0x6adbca]
V  [jvm.dll+0x35b165]
V  [jvm.dll+0x363386]
V  [jvm.dll+0x3b400e]
V  [jvm.dll+0x3b4295]
V  [jvm.dll+0x32b86a]
V  [jvm.dll+0x32c68b]
V  [jvm.dll+0x8123df]
V  [jvm.dll+0x3c1261]
V  [jvm.dll+0x7fe103]
V  [jvm.dll+0x44ccaf]
V  [jvm.dll+0x44e621]
C  [jli.dll+0x5287]
C  [ucrtbase.dll+0x29363]
C  [KERNEL32.DLL+0x1257d]
C  [ntdll.dll+0x5aa58]


---------------  P R O C E S S  ---------------

Threads class SMR info:
_java_thread_list=0x00007ffd0844b118, length=0, elements={
}

Java Threads: ( => current thread )

Other Threads:
  0x00000286456a5fe0 WorkerThread "GC Thread#0" [stack: 0x000000e3a7a00000,0x000000e3a7b00000] [id=38356]
  0x00000286456b69c0 ConcurrentGCThread "G1 Main Marker" [stack: 0x000000e3a7b00000,0x000000e3a7c00000] [id=39116]
  0x00000286456b7590 WorkerThread "G1 Conc#0" [stack: 0x000000e3a7c00000,0x000000e3a7d00000] [id=39788]

[error occurred during error reporting (printing all threads), id 0xc0000005, EXCEPTION_ACCESS_VIOLATION (0xc0000005) at pc=0x00007ffd07c2eea7]
VM state: not at safepoint (not fully initialized)

VM Mutex/Monitor currently owned by a thread:  ([mutex/lock_event])
[0x0000028645631fe0] Heap_lock - owner thread: 0x00000286456350b0

Heap address: 0x0000000705200000, size: 4014 MB, Compressed Oops mode: Zero based, Oop shift amount: 3

CDS archive(s) mapped at: [0x0000000000000000-0x0000000000000000-0x0000000000000000), size 0, SharedBaseAddress: 0x0000000800000000, ArchiveRelocationMode: 1.
Narrow klass base: 0x0000000000000000, Narrow klass shift: 0, Narrow klass range: 0x0

GC Precious Log:
 CardTable entry size: 512
 Card Set container configuration: InlinePtr #cards 4 size 8 Array Of Cards #cards 16 size 48 Howl #buckets 8 coarsen threshold 3686 Howl Bitmap #cards 512 size 80 coarsen threshold 460 Card regions per heap region 1 cards per card region 4096

Heap:
 garbage-first heap   total 0K, used 0K [0x0000000705200000, 0x0000000800000000)
  region size 2048K, 0 young (0K), 0 survivors (0K)

[error occurred during error reporting (printing heap information), id 0xc0000005, EXCEPTION_ACCESS_VIOLATION (0xc0000005) at pc=0x00007ffd080047b9]
GC Heap History (0 events):
No events

Dll operation events (1 events):
Event: 0.007 Loaded shared library C:\Program Files\Java\jdk-20\bin\java.dll

Deoptimization events (0 events):
No events

Classes loaded (0 events):
No events

Classes unloaded (0 events):
No events

Classes redefined (0 events):
No events

Internal exceptions (0 events):
No events

VM Operations (0 events):
No events

Events (0 events):
No events


Dynamic libraries:
0x00007ff69b190000 - 0x00007ff69b1a0000 	C:\Program Files\Java\jdk-20\bin\java.exe
0x00007ffd9d350000 - 0x00007ffd9d567000 	C:\windows\SYSTEM32\ntdll.dll
0x00007ffd9b1f0000 - 0x00007ffd9b2b4000 	C:\windows\System32\KERNEL32.DLL
0x00007ffd9a830000 - 0x00007ffd9abd5000 	C:\windows\System32\KERNELBASE.dll
0x00007ffd9af80000 - 0x00007ffd9b091000 	C:\windows\System32\ucrtbase.dll
0x00007ffd8afa0000 - 0x00007ffd8afb9000 	C:\Program Files\Java\jdk-20\bin\jli.dll
0x00007ffd9c900000 - 0x00007ffd9c9b1000 	C:\windows\System32\ADVAPI32.dll
0x00007ffd9b4a0000 - 0x00007ffd9b547000 	C:\windows\System32\msvcrt.dll
0x00007ffd9d090000 - 0x00007ffd9d136000 	C:\windows\System32\sechost.dll
0x00007ffd9b650000 - 0x00007ffd9b767000 	C:\windows\System32\RPCRT4.dll
0x00007ffd9b2f0000 - 0x00007ffd9b49e000 	C:\windows\System32\USER32.dll
0x00007ffd9a800000 - 0x00007ffd9a826000 	C:\windows\System32\win32u.dll
0x00007ffd9b2c0000 - 0x00007ffd9b2e9000 	C:\windows\System32\GDI32.dll
0x00007ffd9adf0000 - 0x00007ffd9af09000 	C:\windows\System32\gdi32full.dll
0x00007ffd9abe0000 - 0x00007ffd9ac7a000 	C:\windows\System32\msvcp_win.dll
0x00007ffd73150000 - 0x00007ffd733e3000 	C:\windows\WinSxS\amd64_microsoft.windows.common-controls_6595b64144ccf1df_6.0.22621.2506_none_270c5ae97388e100\COMCTL32.dll
0x00007ffd68980000 - 0x00007ffd6899b000 	C:\Program Files\Java\jdk-20\bin\VCRUNTIME140.dll
0x00007ffd8ca40000 - 0x00007ffd8ca4a000 	C:\windows\SYSTEM32\VERSION.dll
0x00007ffd9ce40000 - 0x00007ffd9ce71000 	C:\windows\System32\IMM32.DLL
0x00007ffd94460000 - 0x00007ffd9446c000 	C:\Program Files\Java\jdk-20\bin\vcruntime140_1.dll
0x00007ffd638e0000 - 0x00007ffd6396e000 	C:\Program Files\Java\jdk-20\bin\msvcp140.dll
0x00007ffd078f0000 - 0x00007ffd08588000 	C:\Program Files\Java\jdk-20\bin\server\jvm.dll
0x00007ffd8fcf0000 - 0x00007ffd8fd24000 	C:\windows\SYSTEM32\WINMM.dll
0x00007ffd94470000 - 0x00007ffd94479000 	C:\windows\SYSTEM32\WSOCK32.dll
0x00007ffd9b550000 - 0x00007ffd9b5c1000 	C:\windows\System32\WS2_32.dll
0x00007ffd99780000 - 0x00007ffd99798000 	C:\windows\SYSTEM32\kernel.appcore.dll
0x00007ffd8c9c0000 - 0x00007ffd8c9ca000 	C:\Program Files\Java\jdk-20\bin\jimage.dll
0x00007ffd97ed0000 - 0x00007ffd98103000 	C:\windows\SYSTEM32\DBGHELP.DLL
0x00007ffd9c070000 - 0x00007ffd9c3f9000 	C:\windows\System32\combase.dll
0x00007ffd9d230000 - 0x00007ffd9d307000 	C:\windows\System32\OLEAUT32.dll
0x00007ffd8ade0000 - 0x00007ffd8ae12000 	C:\windows\SYSTEM32\dbgcore.DLL
0x00007ffd9a6c0000 - 0x00007ffd9a73a000 	C:\windows\System32\bcryptPrimitives.dll
0x00007ffd68950000 - 0x00007ffd68976000 	C:\Program Files\Java\jdk-20\bin\java.dll

dbghelp: loaded successfully - version: 4.0.5 - missing functions: none
symbol engine: initialized successfully - sym options: 0x614 - pdb path: .;C:\Program Files\Java\jdk-20\bin;C:\windows\SYSTEM32;C:\windows\WinSxS\amd64_microsoft.windows.common-controls_6595b64144ccf1df_6.0.22621.2506_none_270c5ae97388e100;C:\Program Files\Java\jdk-20\bin\server

VM Arguments:
jvm_args: -Dfile.encoding=UTF-8 --module-path=D:\NetBeansProjects\Electricity Bill System\build\classes 
java_command: Electricity.Login
java_class_path (initial): C:\Users\karth\Downloads\attachments.zip;D:\NetBeansProjects\mysql-connector-java-8.0.17\mysql-connector-java-8.0.17\mysql-connector-java-8.0.17.jar;D:\NetBeansProjects\Electricity Bill System\build\classes
Launcher Type: SUN_STANDARD

[Global flags]
     intx CICompilerCount                          = 4                                         {product} {ergonomic}
     uint ConcGCThreads                            = 3                                         {product} {ergonomic}
     uint G1ConcRefinementThreads                  = 10                                        {product} {ergonomic}
   size_t G1HeapRegionSize                         = 2097152                                   {product} {ergonomic}
    uintx GCDrainStackTargetSize                   = 64                                        {product} {ergonomic}
   size_t InitialHeapSize                          = 264241152                                 {product} {ergonomic}
   size_t MarkStackSize                            = 4194304                                   {product} {ergonomic}
   size_t MaxHeapSize                              = 4208984064                                {product} {ergonomic}
   size_t MinHeapDeltaBytes                        = 2097152                                   {product} {ergonomic}
   size_t MinHeapSize                              = 8388608                                   {product} {ergonomic}
    uintx NonNMethodCodeHeapSize                   = 5839372                                {pd product} {ergonomic}
    uintx NonProfiledCodeHeapSize                  = 122909434                              {pd product} {ergonomic}
    uintx ProfiledCodeHeapSize                     = 122909434                              {pd product} {ergonomic}
    uintx ReservedCodeCacheSize                    = 251658240                              {pd product} {ergonomic}
     bool SegmentedCodeCache                       = true                                      {product} {ergonomic}
   size_t SoftMaxHeapSize                          = 4208984064                             {manageable} {ergonomic}
     bool UseCompressedClassPointers               = true                           {product lp64_product} {ergonomic}
     bool UseCompressedOops                        = true                           {product lp64_product} {ergonomic}
     bool UseG1GC                                  = true                                      {product} {ergonomic}
     bool UseLargePagesIndividualAllocation        = false                                  {pd product} {ergonomic}

Logging:
Log output configuration:
 #0: stdout all=warning uptime,level,tags foldmultilines=false
 #1: stderr all=off uptime,level,tags foldmultilines=false

Environment Variables:
PATH=C:\Program Files\Common Files\Oracle\Java\javapath;C:\windows\system32;C:\windows;C:\windows\System32\Wbem;C:\windows\System32\WindowsPowerShell\v1.0\;C:\windows\System32\OpenSSH\;C:\Program Files (x86)\NVIDIA Corporation\PhysX\Common;C:\Program Files\NVIDIA Corporation\NVIDIA NvDLISR;C:\Users\karth\AppData\Local\Microsoft\WindowsApps;
USERNAME=karth
OS=Windows_NT
PROCESSOR_IDENTIFIER=Intel64 Family 6 Model 154 Stepping 3, GenuineIntel
TMP=C:\Users\karth\AppData\Local\Temp
TEMP=C:\Users\karth\AppData\Local\Temp




---------------  S Y S T E M  ---------------

OS:
 Windows 11 , 64 bit Build 22621 (10.0.22621.2506)
OS uptime: 0 days 3:52 hours
Hyper-V role detected

CPU: total 12 (initial active 12) (6 cores per cpu, 2 threads per core) family 6 model 154 stepping 3 microcode 0x42c, cx8, cmov, fxsr, ht, mmx, 3dnowpref, sse, sse2, sse3, ssse3, sse4.1, sse4.2, popcnt, lzcnt, tsc, tscinvbit, avx, avx2, aes, erms, clmul, bmi1, bmi2, adx, sha, fma, vzeroupper, clflush, clflushopt, clwb, hv, serialize, rdtscp, rdpid, fsrm, f16c, cet_ibt, cet_ss

Memory: 4k page, system-wide physical 16052M (1825M free)
TotalPageFile size 64402M (AvailPageFile size 127M)
current process WorkingSet (physical memory assigned to process): 11M, peak: 11M
current process commit charge ("private bytes"): 64M, peak: 316M

vm_info: Java HotSpot(TM) 64-Bit Server VM (20.0.2+9-78) for windows-amd64 JRE (20.0.2+9-78), built on 2023-06-14T10:08:48Z by "mach5one" with MS VC++ 17.1 (VS2022)

END.
